
> frontend@0.1.0 dev
> next dev

▲ Next.js 16.2.4 (Turbopack)
- Local:         http://localhost:3000
- Network:       http://192.168.1.44:3000
- Environments: .env.local
✓ Ready in 320ms

 GET / 200 in 302ms (next.js: 154ms, application-code: 148ms)
 GET /dashboard 200 in 81ms (next.js: 44ms, application-code: 37ms)
 GET / 200 in 71ms (next.js: 35ms, application-code: 36ms)
✓ Compiled in 606ms
 GET /dashboard 200 in 32ms (next.js: 7ms, application-code: 25ms)
 GET / 200 in 89ms (next.js: 55ms, application-code: 34ms)
 GET /dashboard 200 in 91ms (next.js: 16ms, application-code: 76ms)
✓ Compiled in 248ms
 GET / 200 in 68ms (next.js: 19ms, application-code: 50ms)
 GET /dashboard 200 in 26ms (next.js: 4ms, application-code: 22ms)
✓ Compiled in 115ms
 GET / 200 in 93ms (next.js: 63ms, application-code: 31ms)
 GET /dashboard 200 in 50ms (next.js: 17ms, application-code: 33ms)
✓ Compiled in 105ms
 GET / 200 in 87ms (next.js: 37ms, application-code: 50ms)
 GET /dashboard 200 in 22ms (next.js: 6ms, application-code: 16ms)
✓ Compiled in 77ms
 GET / 200 in 49ms (next.js: 27ms, application-code: 22ms)
 GET /dashboard 200 in 38ms (next.js: 11ms, application-code: 28ms)
 GET / 200 in 28ms (next.js: 4ms, application-code: 25ms)
 GET /dashboard 200 in 34ms (next.js: 9ms, application-code: 25ms)
✓ Compiled in 100ms
 GET / 200 in 77ms (next.js: 52ms, application-code: 26ms)
 GET /dashboard 200 in 34ms (next.js: 7ms, application-code: 27ms)
✓ Compiled in 107ms
 GET / 200 in 46ms (next.js: 27ms, application-code: 20ms)
 GET /dashboard 200 in 27ms (next.js: 5ms, application-code: 22ms)
 GET /dashboard 200 in 19ms (next.js: 7ms, application-code: 12ms)
 GET /dashboard 200 in 31ms (next.js: 10ms, application-code: 21ms)
 GET /dashboard 200 in 543ms (next.js: 253ms, application-code: 290ms)
 GET / 200 in 87ms (next.js: 25ms, application-code: 62ms)
 GET /dashboard 200 in 49ms (next.js: 10ms, application-code: 38ms)
 GET /dashboard 200 in 8ms (next.js: 5ms, application-code: 3ms)
 GET / 200 in 58ms (next.js: 31ms, application-code: 27ms)
 GET /dashboard 200 in 47ms (next.js: 8ms, application-code: 39ms)
 GET /dashboard 200 in 236ms (next.js: 184ms, application-code: 53ms)
 GET /dashboard 200 in 11ms (next.js: 1144µs, application-code: 10ms)
 GET /dashboard 200 in 39ms (next.js: 812µs, application-code: 38ms)
 GET /dashboard 200 in 49ms (next.js: 1302µs, application-code: 47ms)
 GET /dashboard 200 in 47ms (next.js: 1695µs, application-code: 45ms)
 GET /dashboard 200 in 48ms (next.js: 1615µs, application-code: 47ms)
 GET /dashboard 200 in 47ms (next.js: 966µs, application-code: 46ms)
 GET /dashboard 200 in 46ms (next.js: 1133µs, application-code: 45ms)
 GET /dashboard 200 in 46ms (next.js: 1078µs, application-code: 45ms)
 GET /dashboard 200 in 45ms (next.js: 1010µs, application-code: 44ms)
 GET /dashboard 200 in 45ms (next.js: 844µs, application-code: 44ms)
 GET /dashboard 200 in 45ms (next.js: 1308µs, application-code: 44ms)
 GET /dashboard 200 in 44ms (next.js: 2ms, application-code: 41ms)
 GET /dashboard 200 in 32ms (next.js: 1453µs, application-code: 31ms)
 GET /dashboard 200 in 23ms (next.js: 1838µs, application-code: 21ms)
 GET /dashboard 200 in 12ms (next.js: 1632µs, application-code: 10ms)
✓ Compiled in 152ms
✓ Compiled in 153ms
 GET / 200 in 98ms (next.js: 77ms, application-code: 21ms)
 GET /dashboard 200 in 16ms (next.js: 6ms, application-code: 10ms)
 GET /dashboard/users 200 in 1238ms (next.js: 1225ms, application-code: 13ms)
✓ Compiled in 44ms
✓ Compiled in 52ms
 GET /dashboard/users 404 in 139ms (next.js: 91ms, application-code: 48ms)
 GET /dashboard/users 404 in 46ms (next.js: 1489µs, application-code: 45ms)
 GET /dashboard/users 404 in 99ms (next.js: 1834µs, application-code: 97ms)
 GET /dashboard/users 404 in 95ms (next.js: 59ms, application-code: 36ms)
 GET /dashboard/users 404 in 24ms (next.js: 1977µs, application-code: 22ms)
 GET /dashboard/users 404 in 101ms (next.js: 1643µs, application-code: 100ms)
✓ Compiled in 65ms
 GET /dashboard 200 in 130ms (next.js: 56ms, application-code: 74ms)
 GET /dashboard/admin?tab=users 200 in 680ms (next.js: 669ms, application-code: 10ms)
 GET /dashboard/admin?tab=system 200 in 19ms (next.js: 1858µs, application-code: 18ms)
 GET /dashboard/admin?tab=logs 200 in 13ms (next.js: 2ms, application-code: 10ms)
 GET /dashboard/admin?tab=users 200 in 27ms (next.js: 5ms, application-code: 22ms)
 GET /dashboard/admin?tab=system 200 in 23ms (next.js: 4ms, application-code: 19ms)
 GET /dashboard/admin?tab=users 200 in 14ms (next.js: 1421µs, application-code: 12ms)
 GET /dashboard/admin?tab=system 200 in 13ms (next.js: 3ms, application-code: 9ms)
 GET /dashboard/admin?tab=logs 200 in 12ms (next.js: 1659µs, application-code: 10ms)
 GET /dashboard/admin?tab=users 200 in 28ms (next.js: 5ms, application-code: 22ms)
✓ Compiled in 141ms
 GET / 200 in 192ms (next.js: 101ms, application-code: 91ms)
 GET /dashboard 200 in 37ms (next.js: 16ms, application-code: 21ms)
 GET /dashboard/admin?tab=users 200 in 42ms (next.js: 19ms, application-code: 23ms)
 GET /dashboard/admin?tab=system 200 in 25ms (next.js: 8ms, application-code: 17ms)
 GET /dashboard/admin?tab=users 200 in 11ms (next.js: 1947µs, application-code: 10ms)
✓ Compiled in 179ms
 GET /dashboard/admin?tab=users 200 in 34ms (next.js: 14ms, application-code: 19ms)
 GET /dashboard/userdetails?tab=settings 200 in 143ms (next.js: 113ms, application-code: 29ms)
 GET /dashboard/admin?tab=users 200 in 24ms (next.js: 8ms, application-code: 17ms)
✓ Compiled in 95ms
✓ Compiled in 300ms
 GET /dashboard/admin?tab=users 200 in 147ms (next.js: 94ms, application-code: 53ms)
 GET /dashboard/admin?tab=users 200 in 12ms (next.js: 3ms, application-code: 9ms)
 GET /dashboard/userdetails?tab=settings 200 in 45ms (next.js: 25ms, application-code: 19ms)
 GET /dashboard/admin?tab=users 200 in 18ms (next.js: 4ms, application-code: 14ms)
 GET /dashboard/userdetails?tab=settings 200 in 28ms (next.js: 5ms, application-code: 23ms)
 GET /dashboard/admin?tab=users 200 in 29ms (next.js: 7ms, application-code: 22ms)
 GET /dashboard/userdetails?tab=settings 200 in 22ms (next.js: 4ms, application-code: 18ms)
 GET /dashboard/admin?tab=users 200 in 16ms (next.js: 2ms, application-code: 14ms)
 GET /dashboard/admin?tab=system 200 in 27ms (next.js: 4ms, application-code: 23ms)
 GET /dashboard/admin?tab=users 200 in 29ms (next.js: 4ms, application-code: 25ms)
 GET /dashboard/admin?tab=system 200 in 26ms (next.js: 5ms, application-code: 21ms)
 GET /dashboard/admin?tab=logs 200 in 26ms (next.js: 4ms, application-code: 22ms)
 GET /dashboard/admin?tab=users 200 in 28ms (next.js: 8ms, application-code: 20ms)
✓ Compiled in 97ms
✓ Compiled in 43ms
✓ Compiled in 18ms
✓ Compiled in 53ms
 GET / 200 in 39ms (next.js: 22ms, application-code: 17ms)
 GET /dashboard 200 in 33ms (next.js: 17ms, application-code: 16ms)
✓ Compiled in 108ms
✓ Compiled in 17ms
✓ Compiled in 30ms
✓ Compiled in 17ms
✓ Compiled in 28ms
 GET /dashboard/admin?tab=users 200 in 83ms (next.js: 50ms, application-code: 33ms)
✓ Compiled in 105ms
✓ Compiled in 43ms
✓ Compiled in 17ms
✓ Compiled in 62ms
 GET /dashboard/admin?tab=users 200 in 108ms (next.js: 71ms, application-code: 37ms)
 GET / 200 in 175ms (next.js: 126ms, application-code: 49ms)
 GET /dashboard 200 in 95ms (next.js: 63ms, application-code: 32ms)
✓ Compiled in 99ms
✓ Compiled in 23ms
✓ Compiled in 102ms
✓ Compiled in 35ms
✓ Compiled in 14ms
 GET /dashboard 200 in 419ms (next.js: 34ms, application-code: 386ms)
 GET / 200 in 31ms (next.js: 14ms, application-code: 17ms)
 GET /dashboard 200 in 30ms (next.js: 11ms, application-code: 19ms)
 GET /dashboard/admin?tab=users 200 in 22ms (next.js: 10ms, application-code: 12ms)
 GET /dashboard/admin?tab=system 200 in 27ms (next.js: 4ms, application-code: 22ms)
 GET /dashboard/admin?tab=users 200 in 26ms (next.js: 4ms, application-code: 21ms)
 GET /dashboard/admin?tab=system 200 in 27ms (next.js: 4ms, application-code: 22ms)
 GET /dashboard/admin?tab=logs 200 in 10ms (next.js: 1701µs, application-code: 8ms)
 GET /dashboard/admin?tab=users 200 in 26ms (next.js: 4ms, application-code: 22ms)
 GET /dashboard 200 in 22ms (next.js: 5ms, application-code: 17ms)
 GET /dashboard 200 in 162ms (next.js: 86ms, application-code: 76ms)
 GET /dashboard 200 in 59ms (next.js: 1183µs, application-code: 58ms)
 GET /dashboard 200 in 68ms (next.js: 1211µs, application-code: 66ms)
 GET /dashboard 200 in 73ms (next.js: 3ms, application-code: 70ms)
 GET /dashboard 200 in 74ms (next.js: 1246µs, application-code: 73ms)
 GET /dashboard 200 in 74ms (next.js: 2ms, application-code: 72ms)
 GET /dashboard 200 in 73ms (next.js: 1736µs, application-code: 71ms)
 GET /dashboard 200 in 68ms (next.js: 1865µs, application-code: 66ms)
 GET /dashboard 200 in 72ms (next.js: 1277µs, application-code: 71ms)
 GET /dashboard 200 in 81ms (next.js: 2ms, application-code: 78ms)
 GET /dashboard 200 in 85ms (next.js: 3ms, application-code: 82ms)
 GET /dashboard 200 in 96ms (next.js: 2ms, application-code: 94ms)
 GET /dashboard 200 in 105ms (next.js: 2ms, application-code: 103ms)
 GET /dashboard 200 in 105ms (next.js: 2ms, application-code: 103ms)
 GET /dashboard 200 in 95ms (next.js: 7ms, application-code: 88ms)
 GET /dashboard 200 in 68ms (next.js: 2ms, application-code: 66ms)
 GET /dashboard 200 in 38ms (next.js: 5ms, application-code: 34ms)
 GET /dashboard 200 in 17ms (next.js: 2ms, application-code: 15ms)
✓ Compiled in 225ms
✓ Compiled in 47ms
✓ Compiled in 35ms
 GET / 200 in 63ms (next.js: 39ms, application-code: 24ms)
 GET /dashboard 200 in 86ms (next.js: 42ms, application-code: 44ms)
 GET /dashboard/admin?tab=users 200 in 55ms (next.js: 31ms, application-code: 24ms)
 GET /dashboard/admin?tab=system 200 in 58ms (next.js: 21ms, application-code: 37ms)
 GET /dashboard/admin?tab=users 200 in 12ms (next.js: 1207µs, application-code: 11ms)
 GET /dashboard/admin?tab=system 200 in 45ms (next.js: 9ms, application-code: 35ms)
✓ Compiled in 259ms
 GET /dashboard/admin?tab=system 200 in 152ms (next.js: 84ms, application-code: 68ms)
 GET /dashboard/admin?tab=system 200 in 33ms (next.js: 4ms, application-code: 29ms)
 GET /dashboard/admin?tab=users 200 in 31ms (next.js: 11ms, application-code: 20ms)
 GET /dashboard/admin?tab=system 200 in 13ms (next.js: 1166µs, application-code: 11ms)
 GET /dashboard/admin?tab=users 200 in 22ms (next.js: 5ms, application-code: 18ms)
 GET /dashboard/userdetails?tab=profile 200 in 48ms (next.js: 32ms, application-code: 16ms)
 GET /dashboard 200 in 31ms (next.js: 17ms, application-code: 14ms)
 GET /dashboard/alta 200 in 40ms (next.js: 28ms, application-code: 12ms)
